<?xml version="1.0" encoding="UTF-8"?>
<!-- Generated by org.testng.reporters.JUnitReportReporter -->
<testsuite hostname="Sathishs-MacBook-Pro.local" name="com.example.freelance.test.SnapDealSearchTest" tests="1" failures="0" timestamp="19 Oct 2016 17:30:59 GMT" time="7.192" errors="0">
  <testcase name="searchSnapDeal" time="7.192" classname="com.example.freelance.test.SnapDealSearchTest"/>
</testsuite> <!-- com.example.freelance.test.SnapDealSearchTest -->
