<?xml version="1.0" encoding="UTF-8"?>
<!-- Generated by org.testng.reporters.JUnitReportReporter -->
<testsuite hostname="Sathishs-MacBook-Pro.local" name="com.example.freelance.test.SnapDealSearchDataDrivenTest" tests="3" failures="0" timestamp="19 Oct 2016 17:30:59 GMT" time="21.301" errors="0">
  <testcase name="searchSnapDealDataDriven" time="8.163" classname="com.example.freelance.test.SnapDealSearchDataDrivenTest"/>
  <testcase name="searchSnapDealDataDriven" time="7.352" classname="com.example.freelance.test.SnapDealSearchDataDrivenTest"/>
  <testcase name="searchSnapDealDataDriven" time="5.786" classname="com.example.freelance.test.SnapDealSearchDataDrivenTest"/>
</testsuite> <!-- com.example.freelance.test.SnapDealSearchDataDrivenTest -->
