<?xml version="1.0" encoding="UTF-8"?>
<!-- Generated by org.testng.reporters.JUnitReportReporter -->
<testsuite hostname="Sathishs-MacBook-Pro.local" name="com.example.freelance.test.SnapDealSearchExcelDataTest" tests="2" failures="0" timestamp="19 Oct 2016 17:30:59 GMT" time="13.510" errors="0">
  <testcase name="searchSnapDeal" time="7.522" classname="com.example.freelance.test.SnapDealSearchExcelDataTest"/>
  <testcase name="searchSnapDeal" time="5.988" classname="com.example.freelance.test.SnapDealSearchExcelDataTest"/>
</testsuite> <!-- com.example.freelance.test.SnapDealSearchExcelDataTest -->
