<?xml version="1.0" encoding="UTF-8"?>
<!-- Generated by org.testng.reporters.JUnitReportReporter -->
<testsuite hostname="Sathishs-MacBook-Pro.local" name="com.example.freelance.test.SnapDealSearchDataDrivenTest" tests="3" failures="0" timestamp="19 Oct 2016 15:44:30 GMT" time="13.303" errors="0">
  <testcase name="searchSnapDealDataDriven" time="4.067" classname="com.example.freelance.test.SnapDealSearchDataDrivenTest"/>
  <testcase name="searchSnapDealDataDriven" time="5.412" classname="com.example.freelance.test.SnapDealSearchDataDrivenTest"/>
  <testcase name="searchSnapDealDataDriven" time="3.824" classname="com.example.freelance.test.SnapDealSearchDataDrivenTest"/>
</testsuite> <!-- com.example.freelance.test.SnapDealSearchDataDrivenTest -->
