<?xml version="1.0" encoding="UTF-8"?>
<!-- Generated by org.testng.reporters.JUnitReportReporter -->
<testsuite hostname="Sathishs-MacBook-Pro.local" name="com.example.freelance.test.SampleTest" tests="1" failures="0" timestamp="19 Oct 2016 15:35:30 GMT" time="6.151" errors="0">
  <testcase name="searchSnapDeal" time="6.151" classname="com.example.freelance.test.SampleTest"/>
</testsuite> <!-- com.example.freelance.test.SampleTest -->
